
Jupyter server is running on: gv008.hpc.nyu.edu
Job starts at: Sat May 14 18:50:56 EDT 2022

Step 1 :

If you are working in NYU campus, please open an iTerm window, run command

ssh -L 51656:localhost:51656 nv2095@greene.hpc.nyu.edu

[I 18:50:59.893 NotebookApp] JupyterLab extension loaded from /share/apps/anaconda3/2020.07/lib/python3.8/site-packages/jupyterlab
[I 18:50:59.895 NotebookApp] JupyterLab application directory is /share/apps/anaconda3/2020.07/share/jupyter/lab
[I 18:50:59.897 NotebookApp] Serving notebooks from local directory: /scratch/nv2095
[I 18:50:59.897 NotebookApp] The Jupyter Notebook is running at:
[I 18:50:59.897 NotebookApp] http://localhost:51656/?token=03039cc95ea7b5b9fb9253cb8d3226671c719b13b366b1ab
[I 18:50:59.897 NotebookApp]  or http://127.0.0.1:51656/?token=03039cc95ea7b5b9fb9253cb8d3226671c719b13b366b1ab
[I 18:50:59.897 NotebookApp] Use Control-C to stop this server and shut down all kernels (twice to skip confirmation).
[C 18:50:59.906 NotebookApp] 
    
    To access the notebook, open this file in a browser:
        file:///home/nv2095/.local/share/jupyter/runtime/nbserver-2548825-open.html
    Or copy and paste one of these URLs:
        http://localhost:51656/?token=03039cc95ea7b5b9fb9253cb8d3226671c719b13b366b1ab
     or http://127.0.0.1:51656/?token=03039cc95ea7b5b9fb9253cb8d3226671c719b13b366b1ab
[I 18:52:00.577 NotebookApp] 302 GET /?token=03039cc95ea7b5b9fb9253cb8d3226671c719b13b366b1ab (127.0.0.1) 0.93ms
[I 18:52:13.052 NotebookApp] Kernel started: 04e0680c-6d75-4136-a299-e79bd3f50f70
[I 18:54:13.228 NotebookApp] Saving file at /new_project/3DStyleTransfer/style_transfer/src/Untitled-Copy1.ipynb
[I 18:56:13.237 NotebookApp] Saving file at /new_project/3DStyleTransfer/style_transfer/src/Untitled-Copy1.ipynb
[I 18:56:19.769 NotebookApp] Starting buffering for 04e0680c-6d75-4136-a299-e79bd3f50f70:ad9b891983a343ad9bc2c4337b6f9518
[I 18:56:19.981 NotebookApp] Kernel restarted: 04e0680c-6d75-4136-a299-e79bd3f50f70
[I 18:56:21.143 NotebookApp] Restoring connection for 04e0680c-6d75-4136-a299-e79bd3f50f70:ad9b891983a343ad9bc2c4337b6f9518
[I 18:56:21.143 NotebookApp] Replaying 6 buffered messages
[I 18:58:15.006 NotebookApp] Saving file at /new_project/3DStyleTransfer/style_transfer/src/Untitled-Copy1.ipynb
[I 19:02:13.214 NotebookApp] Saving file at /new_project/3DStyleTransfer/style_transfer/src/Untitled-Copy1.ipynb
[I 19:04:13.541 NotebookApp] Saving file at /new_project/3DStyleTransfer/style_transfer/src/Untitled-Copy1.ipynb
[I 19:06:13.197 NotebookApp] Saving file at /new_project/3DStyleTransfer/style_transfer/src/Untitled-Copy1.ipynb
[I 19:16:14.649 NotebookApp] Saving file at /new_project/3DStyleTransfer/style_transfer/src/Untitled-Copy1.ipynb
[I 19:18:13.175 NotebookApp] Saving file at /new_project/3DStyleTransfer/style_transfer/src/Untitled-Copy1.ipynb
[I 19:20:13.206 NotebookApp] Saving file at /new_project/3DStyleTransfer/style_transfer/src/Untitled-Copy1.ipynb
[I 19:36:13.153 NotebookApp] Saving file at /new_project/3DStyleTransfer/style_transfer/src/Untitled-Copy1.ipynb
[I 19:38:13.134 NotebookApp] Saving file at /new_project/3DStyleTransfer/style_transfer/src/Untitled-Copy1.ipynb
[I 19:40:13.165 NotebookApp] Saving file at /new_project/3DStyleTransfer/style_transfer/src/Untitled-Copy1.ipynb
[I 19:42:13.139 NotebookApp] Saving file at /new_project/3DStyleTransfer/style_transfer/src/Installation & first run.ipynb
[I 19:44:13.912 NotebookApp] Saving file at /new_project/3DStyleTransfer/style_transfer/src/Installation & first run.ipynb
